# JRE version: OpenJDK Runtime Environment Temurin-21.0.11+10 (21.0.11+10) (build 21.0.11+10-LTS)
# Java VM: OpenJDK 64-Bit Server VM Temurin-21.0.11+10 (21.0.11+10-LTS, mixed mode, sharing, tiered, compressed oops, compressed class ptrs, g1 gc, windows-amd64)
GC Precious Log:
 CardTable entry size: 512
 Card Set container configuration: InlinePtr #cards 5 size 8 Array Of Cards #cards 12 size 40 Howl #buckets 4 coarsen threshold 1843 Howl Bitmap #cards 512 size 80 coarsen threshold 460 Card regions per heap region 1 cards per card region 2048
 CPUs: 8 total, 8 available
 Memory: 8066M
 Large Page Support: Disabled
 NUMA Support: Disabled
 Compressed Oops: Enabled (32-bit)
 Heap Region Size: 1M
 Heap Min Capacity: 256M
 Heap Initial Capacity: 256M
 Heap Max Capacity: 512M
 Pre-touch: Disabled
 Parallel Workers: 8
 Concurrent Workers: 2
 Concurrent Refinement Workers: 8
 Periodic GC: Disabled
Heap:
 garbage-first heap   total 262144K, used 68123K [0x00000000e0000000, 0x0000000100000000)
  region size 1024K, 56 young (57344K), 6 survivors (6144K)
 Metaspace       used 16177K, committed 16640K, reserved 393216K
  class space    used 2280K, committed 2496K, reserved 327680K
GC Heap History (6 events):
Event: 2.330 GC heap before
{Heap before GC invocations=0 (full 0):
 garbage-first heap   total 262144K, used 23552K [0x00000000e0000000, 0x0000000100000000)
  region size 1024K, 23 young (23552K), 0 survivors (0K)
 Metaspace       used 913K, committed 1024K, reserved 393216K
  class space    used 73K, committed 128K, reserved 327680K
}
Event: 2.334 GC heap after
{Heap after GC invocations=1 (full 0):
 garbage-first heap   total 262144K, used 1543K [0x00000000e0000000, 0x0000000100000000)
  region size 1024K, 2 young (2048K), 2 survivors (2048K)
 Metaspace       used 913K, committed 1024K, reserved 393216K
  class space    used 73K, committed 128K, reserved 327680K
}
Event: 7.793 GC heap before
{Heap before GC invocations=1 (full 0):
 garbage-first heap   total 262144K, used 40455K [0x00000000e0000000, 0x0000000100000000)
  region size 1024K, 38 young (38912K), 2 survivors (2048K)
 Metaspace       used 4400K, committed 4544K, reserved 393216K
  class space    used 561K, committed 640K, reserved 327680K
}
Event: 7.801 GC heap after
{Heap after GC invocations=2 (full 0):
 garbage-first heap   total 262144K, used 10915K [0x00000000e0000000, 0x0000000100000000)
  region size 1024K, 5 young (5120K), 5 survivors (5120K)
 Metaspace       used 4400K, committed 4544K, reserved 393216K
  class space    used 561K, committed 640K, reserved 327680K
}
Event: 9.513 GC heap before
{Heap before GC invocations=2 (full 0):
 garbage-first heap   total 262144K, used 68259K [0x00000000e0000000, 0x0000000100000000)
  region size 1024K, 60 young (61440K), 5 survivors (5120K)
 Metaspace       used 6747K, committed 7040K, reserved 393216K
  class space    used 918K, committed 1024K, reserved 327680K
}
Event: 9.524 GC heap after
{Heap after GC invocations=3 (full 0):
 garbage-first heap   total 262144K, used 17947K [0x00000000e0000000, 0x0000000100000000)
  region size 1024K, 6 young (6144K), 6 survivors (6144K)
 Metaspace       used 6747K, committed 7040K, reserved 393216K
  class space    used 918K, committed 1024K, reserved 327680K
}

