# JRE version: OpenJDK Runtime Environment Temurin-21.0.11+10 (21.0.11+10) (build 21.0.11+10-LTS)
# Java VM: OpenJDK 64-Bit Server VM Temurin-21.0.11+10 (21.0.11+10-LTS, mixed mode, sharing, tiered, compressed oops, compressed class ptrs, g1 gc, windows-amd64)
GC Precious Log:
 CardTable entry size: 512
 Card Set container configuration: InlinePtr #cards 5 size 8 Array Of Cards #cards 12 size 40 Howl #buckets 4 coarsen threshold 1843 Howl Bitmap #cards 512 size 80 coarsen threshold 460 Card regions per heap region 1 cards per card region 2048
 CPUs: 8 total, 8 available
 Memory: 8066M
 Large Page Support: Disabled
 NUMA Support: Disabled
 Compressed Oops: Enabled (32-bit)
 Heap Region Size: 1M
 Heap Min Capacity: 256M
 Heap Initial Capacity: 256M
 Heap Max Capacity: 512M
 Pre-touch: Disabled
 Parallel Workers: 8
 Concurrent Workers: 2
 Concurrent Refinement Workers: 8
 Periodic GC: Disabled
Heap:
 garbage-first heap   total 262144K, used 186245K [0x00000000e0000000, 0x0000000100000000)
  region size 1024K, 139 young (142336K), 20 survivors (20480K)
 Metaspace       used 80842K, committed 83008K, reserved 458752K
  class space    used 11706K, committed 12800K, reserved 327680K
GC Heap History (18 events):
Event: 2.441 GC heap before
{Heap before GC invocations=0 (full 0):
 garbage-first heap   total 262144K, used 26624K [0x00000000e0000000, 0x0000000100000000)
  region size 1024K, 23 young (23552K), 0 survivors (0K)
 Metaspace       used 1114K, committed 1216K, reserved 393216K
  class space    used 81K, committed 128K, reserved 327680K
}
Event: 2.462 GC heap after
{Heap after GC invocations=1 (full 0):
 garbage-first heap   total 262144K, used 10198K [0x00000000e0000000, 0x0000000100000000)
  region size 1024K, 3 young (3072K), 3 survivors (3072K)
 Metaspace       used 1114K, committed 1216K, reserved 393216K
  class space    used 81K, committed 128K, reserved 327680K
}
Event: 5.911 GC heap before
{Heap before GC invocations=1 (full 0):
 garbage-first heap   total 262144K, used 40918K [0x00000000e0000000, 0x0000000100000000)
  region size 1024K, 33 young (33792K), 3 survivors (3072K)
 Metaspace       used 4286K, committed 4480K, reserved 393216K
  class space    used 545K, committed 640K, reserved 327680K
}
Event: 5.921 GC heap after
{Heap after GC invocations=2 (full 0):
 garbage-first heap   total 262144K, used 11947K [0x00000000e0000000, 0x0000000100000000)
  region size 1024K, 2 young (2048K), 2 survivors (2048K)
 Metaspace       used 4286K, committed 4480K, reserved 393216K
  class space    used 545K, committed 640K, reserved 327680K
}
Event: 17.010 GC heap before
{Heap before GC invocations=2 (full 0):
 garbage-first heap   total 262144K, used 139947K [0x00000000e0000000, 0x0000000100000000)
  region size 1024K, 125 young (128000K), 2 survivors (2048K)
 Metaspace       used 20216K, committed 20864K, reserved 393216K
  class space    used 2973K, committed 3264K, reserved 327680K
}
Event: 17.039 GC heap after
{Heap after GC invocations=3 (full 0):
 garbage-first heap   total 262144K, used 24607K [0x00000000e0000000, 0x0000000100000000)
  region size 1024K, 13 young (13312K), 13 survivors (13312K)
 Metaspace       used 20216K, committed 20864K, reserved 393216K
  class space    used 2973K, committed 3264K, reserved 327680K
}
Event: 17.239 GC heap before
{Heap before GC invocations=3 (full 0):
 garbage-first heap   total 262144K, used 29727K [0x00000000e0000000, 0x0000000100000000)
  region size 1024K, 19 young (19456K), 13 survivors (13312K)
 Metaspace       used 20774K, committed 21504K, reserved 393216K
  class space    used 3065K, committed 3456K, reserved 327680K
}
Event: 17.256 GC heap after
{Heap after GC invocations=4 (full 0):
 garbage-first heap   total 262144K, used 25829K [0x00000000e0000000, 0x0000000100000000)
  region size 1024K, 2 young (2048K), 2 survivors (2048K)
 Metaspace       used 20774K, committed 21504K, reserved 393216K
  class space    used 3065K, committed 3456K, reserved 327680K
}
Event: 21.703 GC heap before
{Heap before GC invocations=5 (full 0):
 garbage-first heap   total 262144K, used 120037K [0x00000000e0000000, 0x0000000100000000)
  region size 1024K, 96 young (98304K), 2 survivors (2048K)
 Metaspace       used 34722K, committed 35968K, reserved 393216K
  class space    used 5162K, committed 5760K, reserved 327680K
}
Event: 21.716 GC heap after
{Heap after GC invocations=6 (full 0):
 garbage-first heap   total 262144K, used 32057K [0x00000000e0000000, 0x0000000100000000)
  region size 1024K, 8 young (8192K), 8 survivors (8192K)
 Metaspace       used 34722K, committed 35968K, reserved 393216K
  class space    used 5162K, committed 5760K, reserved 327680K
}
Event: 28.661 GC heap before
{Heap before GC invocations=7 (full 0):
 garbage-first heap   total 262144K, used 186681K [0x00000000e0000000, 0x0000000100000000)
  region size 1024K, 153 young (156672K), 8 survivors (8192K)
 Metaspace       used 45354K, committed 46784K, reserved 393216K
  class space    used 6581K, committed 7296K, reserved 327680K
}
Event: 28.683 GC heap after
{Heap after GC invocations=8 (full 0):
 garbage-first heap   total 262144K, used 41065K [0x00000000e0000000, 0x0000000100000000)
  region size 1024K, 17 young (17408K), 17 survivors (17408K)
 Metaspace       used 45354K, committed 46784K, reserved 393216K
  class space    used 6581K, committed 7296K, reserved 327680K
}
Event: 36.327 GC heap before
{Heap before GC invocations=8 (full 0):
 garbage-first heap   total 262144K, used 179305K [0x00000000e0000000, 0x0000000100000000)
  region size 1024K, 153 young (156672K), 17 survivors (17408K)
 Metaspace       used 54764K, committed 56512K, reserved 393216K
  class space    used 8016K, committed 8896K, reserved 327680K
}
Event: 36.354 GC heap after
{Heap after GC invocations=9 (full 0):
 garbage-first heap   total 262144K, used 47110K [0x00000000e0000000, 0x0000000100000000)
  region size 1024K, 16 young (16384K), 16 survivors (16384K)
 Metaspace       used 54764K, committed 56512K, reserved 393216K
  class space    used 8016K, committed 8896K, reserved 327680K
}
Event: 38.823 GC heap before
{Heap before GC invocations=9 (full 0):
 garbage-first heap   total 262144K, used 70662K [0x00000000e0000000, 0x0000000100000000)
  region size 1024K, 41 young (41984K), 16 survivors (16384K)
 Metaspace       used 58742K, committed 60416K, reserved 393216K
  class space    used 8518K, committed 9344K, reserved 327680K
}
Event: 38.845 GC heap after
{Heap after GC invocations=10 (full 0):
 garbage-first heap   total 262144K, used 50053K [0x00000000e0000000, 0x0000000100000000)
  region size 1024K, 10 young (10240K), 10 survivors (10240K)
 Metaspace       used 58742K, committed 60416K, reserved 393216K
  class space    used 8518K, committed 9344K, reserved 327680K
}
Event: 51.628 GC heap before
{Heap before GC invocations=11 (full 0):
 garbage-first heap   total 262144K, used 201605K [0x00000000e0000000, 0x0000000100000000)
  region size 1024K, 153 young (156672K), 10 survivors (10240K)
 Metaspace       used 74177K, committed 76160K, reserved 393216K
  class space    used 10748K, committed 11712K, reserved 327680K
}
Event: 51.658 GC heap after
{Heap after GC invocations=12 (full 0):
 garbage-first heap   total 262144K, used 66437K [0x00000000e0000000, 0x0000000100000000)
  region size 1024K, 20 young (20480K), 20 survivors (20480K)
 Metaspace       used 74177K, committed 76160K, reserved 393216K
  class space    used 10748K, committed 11712K, reserved 327680K
}

