# JRE version: OpenJDK Runtime Environment Temurin-21.0.11+10 (21.0.11+10) (build 21.0.11+10-LTS)
# Java VM: OpenJDK 64-Bit Server VM Temurin-21.0.11+10 (21.0.11+10-LTS, mixed mode, sharing, tiered, compressed oops, compressed class ptrs, g1 gc, windows-amd64)
GC Precious Log:
 CardTable entry size: 512
 Card Set container configuration: InlinePtr #cards 5 size 8 Array Of Cards #cards 12 size 40 Howl #buckets 4 coarsen threshold 1843 Howl Bitmap #cards 512 size 80 coarsen threshold 460 Card regions per heap region 1 cards per card region 2048
 CPUs: 8 total, 8 available
 Memory: 8066M
 Large Page Support: Disabled
 NUMA Support: Disabled
 Compressed Oops: Enabled (32-bit)
 Heap Region Size: 1M
 Heap Min Capacity: 256M
 Heap Initial Capacity: 256M
 Heap Max Capacity: 512M
 Pre-touch: Disabled
 Parallel Workers: 8
 Concurrent Workers: 2
 Concurrent Refinement Workers: 8
 Periodic GC: Disabled
Heap:
 garbage-first heap   total 262144K, used 109004K [0x00000000e0000000, 0x0000000100000000)
  region size 1024K, 54 young (55296K), 19 survivors (19456K)
 Metaspace       used 77812K, committed 80064K, reserved 458752K
  class space    used 11283K, committed 12416K, reserved 327680K
GC Heap History (20 events):
Event: 3.614 GC heap before
{Heap before GC invocations=1 (full 0):
 garbage-first heap   total 262144K, used 41109K [0x00000000e0000000, 0x0000000100000000)
  region size 1024K, 33 young (33792K), 3 survivors (3072K)
 Metaspace       used 4294K, committed 4480K, reserved 393216K
  class space    used 545K, committed 640K, reserved 327680K
}
Event: 3.619 GC heap after
{Heap after GC invocations=2 (full 0):
 garbage-first heap   total 262144K, used 12154K [0x00000000e0000000, 0x0000000100000000)
  region size 1024K, 2 young (2048K), 2 survivors (2048K)
 Metaspace       used 4294K, committed 4480K, reserved 393216K
  class space    used 545K, committed 640K, reserved 327680K
}
Event: 7.715 GC heap before
{Heap before GC invocations=2 (full 0):
 garbage-first heap   total 262144K, used 145274K [0x00000000e0000000, 0x0000000100000000)
  region size 1024K, 131 young (134144K), 2 survivors (2048K)
 Metaspace       used 20812K, committed 21504K, reserved 393216K
  class space    used 3076K, committed 3392K, reserved 327680K
}
Event: 7.737 GC heap after
{Heap after GC invocations=3 (full 0):
 garbage-first heap   total 262144K, used 25187K [0x00000000e0000000, 0x0000000100000000)
  region size 1024K, 14 young (14336K), 14 survivors (14336K)
 Metaspace       used 20812K, committed 21504K, reserved 393216K
  class space    used 3076K, committed 3392K, reserved 327680K
}
Event: 12.287 GC heap before
{Heap before GC invocations=4 (full 0):
 garbage-first heap   total 262144K, used 115299K [0x00000000e0000000, 0x0000000100000000)
  region size 1024K, 104 young (106496K), 14 survivors (14336K)
 Metaspace       used 34734K, committed 35968K, reserved 393216K
  class space    used 5154K, committed 5760K, reserved 327680K
}
Event: 12.309 GC heap after
{Heap after GC invocations=5 (full 0):
 garbage-first heap   total 262144K, used 32319K [0x00000000e0000000, 0x0000000100000000)
  region size 1024K, 8 young (8192K), 8 survivors (8192K)
 Metaspace       used 34734K, committed 35968K, reserved 393216K
  class space    used 5154K, committed 5760K, reserved 327680K
}
Event: 12.361 GC heap before
{Heap before GC invocations=5 (full 0):
 garbage-first heap   total 262144K, used 32319K [0x00000000e0000000, 0x0000000100000000)
  region size 1024K, 9 young (9216K), 8 survivors (8192K)
 Metaspace       used 35005K, committed 36288K, reserved 393216K
  class space    used 5168K, committed 5824K, reserved 327680K
}
Event: 12.373 GC heap after
{Heap after GC invocations=6 (full 0):
 garbage-first heap   total 262144K, used 32765K [0x00000000e0000000, 0x0000000100000000)
  region size 1024K, 7 young (7168K), 7 survivors (7168K)
 Metaspace       used 35005K, committed 36288K, reserved 393216K
  class space    used 5168K, committed 5824K, reserved 327680K
}
Event: 12.597 GC heap before
{Heap before GC invocations=6 (full 0):
 garbage-first heap   total 262144K, used 34813K [0x00000000e0000000, 0x0000000100000000)
  region size 1024K, 11 young (11264K), 7 survivors (7168K)
 Metaspace       used 35350K, committed 36608K, reserved 393216K
  class space    used 5206K, committed 5824K, reserved 327680K
}
Event: 12.609 GC heap after
{Heap after GC invocations=7 (full 0):
 garbage-first heap   total 262144K, used 33240K [0x00000000e0000000, 0x0000000100000000)
  region size 1024K, 8 young (8192K), 8 survivors (8192K)
 Metaspace       used 35350K, committed 36608K, reserved 393216K
  class space    used 5206K, committed 5824K, reserved 327680K
}
Event: 18.220 GC heap before
{Heap before GC invocations=8 (full 0):
 garbage-first heap   total 262144K, used 187864K [0x00000000e0000000, 0x0000000100000000)
  region size 1024K, 153 young (156672K), 8 survivors (8192K)
 Metaspace       used 46462K, committed 48192K, reserved 393216K
  class space    used 6759K, committed 7616K, reserved 327680K
}
Event: 18.242 GC heap after
{Heap after GC invocations=9 (full 0):
 garbage-first heap   total 262144K, used 42789K [0x00000000e0000000, 0x0000000100000000)
  region size 1024K, 17 young (17408K), 17 survivors (17408K)
 Metaspace       used 46462K, committed 48192K, reserved 393216K
  class space    used 6759K, committed 7616K, reserved 327680K
}
Event: 23.558 GC heap before
{Heap before GC invocations=9 (full 0):
 garbage-first heap   total 262144K, used 181029K [0x00000000e0000000, 0x0000000100000000)
  region size 1024K, 147 young (150528K), 17 survivors (17408K)
 Metaspace       used 59303K, committed 61248K, reserved 393216K
  class space    used 8698K, committed 9664K, reserved 327680K
}
Event: 23.599 GC heap after
{Heap after GC invocations=10 (full 0):
 garbage-first heap   total 262144K, used 56928K [0x00000000e0000000, 0x0000000100000000)
  region size 1024K, 20 young (20480K), 20 survivors (20480K)
 Metaspace       used 59303K, committed 61248K, reserved 393216K
  class space    used 8698K, committed 9664K, reserved 327680K
}
Event: 23.743 GC heap before
{Heap before GC invocations=10 (full 0):
 garbage-first heap   total 262144K, used 60000K [0x00000000e0000000, 0x0000000100000000)
  region size 1024K, 24 young (24576K), 20 survivors (20480K)
 Metaspace       used 59591K, committed 61568K, reserved 393216K
  class space    used 8733K, committed 9664K, reserved 327680K
}
Event: 23.767 GC heap after
{Heap after GC invocations=11 (full 0):
 garbage-first heap   total 262144K, used 58310K [0x00000000e0000000, 0x0000000100000000)
  region size 1024K, 11 young (11264K), 11 survivors (11264K)
 Metaspace       used 59591K, committed 61568K, reserved 393216K
  class space    used 8733K, committed 9664K, reserved 327680K
}
Event: 28.865 GC heap before
{Heap before GC invocations=12 (full 0):
 garbage-first heap   total 262144K, used 202694K [0x00000000e0000000, 0x0000000100000000)
  region size 1024K, 153 young (156672K), 11 survivors (11264K)
 Metaspace       used 69951K, committed 72064K, reserved 393216K
  class space    used 10170K, committed 11200K, reserved 327680K
}
Event: 28.889 GC heap after
{Heap after GC invocations=13 (full 0):
 garbage-first heap   total 262144K, used 65663K [0x00000000e0000000, 0x0000000100000000)
  region size 1024K, 18 young (18432K), 18 survivors (18432K)
 Metaspace       used 69951K, committed 72064K, reserved 393216K
  class space    used 10170K, committed 11200K, reserved 327680K
}
Event: 37.181 GC heap before
{Heap before GC invocations=13 (full 0):
 garbage-first heap   total 262144K, used 202879K [0x00000000e0000000, 0x0000000100000000)
  region size 1024K, 153 young (156672K), 18 survivors (18432K)
 Metaspace       used 75419K, committed 77632K, reserved 458752K
  class space    used 10944K, committed 12032K, reserved 327680K
}
Event: 37.224 GC heap after
{Heap after GC invocations=14 (full 0):
 garbage-first heap   total 262144K, used 74188K [0x00000000e0000000, 0x0000000100000000)
  region size 1024K, 19 young (19456K), 19 survivors (19456K)
 Metaspace       used 75419K, committed 77632K, reserved 458752K
  class space    used 10944K, committed 12032K, reserved 327680K
}

