# JRE version: OpenJDK Runtime Environment Temurin-21.0.11+10 (21.0.11+10) (build 21.0.11+10-LTS)
# Java VM: OpenJDK 64-Bit Server VM Temurin-21.0.11+10 (21.0.11+10-LTS, mixed mode, sharing, tiered, compressed oops, compressed class ptrs, g1 gc, windows-amd64)
GC Precious Log:
 CardTable entry size: 512
 Card Set container configuration: InlinePtr #cards 5 size 8 Array Of Cards #cards 12 size 40 Howl #buckets 4 coarsen threshold 1843 Howl Bitmap #cards 512 size 80 coarsen threshold 460 Card regions per heap region 1 cards per card region 2048
 CPUs: 8 total, 8 available
 Memory: 8066M
 Large Page Support: Disabled
 NUMA Support: Disabled
 Compressed Oops: Enabled (32-bit)
 Heap Region Size: 1M
 Heap Min Capacity: 256M
 Heap Initial Capacity: 256M
 Heap Max Capacity: 512M
 Pre-touch: Disabled
 Parallel Workers: 8
 Concurrent Workers: 2
 Concurrent Refinement Workers: 8
 Periodic GC: Disabled
Heap:
 garbage-first heap   total 271360K, used 190161K [0x00000000e0000000, 0x0000000100000000)
  region size 1024K, 52 young (53248K), 6 survivors (6144K)
 Metaspace       used 81209K, committed 83392K, reserved 458752K
  class space    used 11359K, committed 12416K, reserved 327680K
GC Heap History (20 events):
Event: 23.791 GC heap before
{Heap before GC invocations=7 (full 0):
 garbage-first heap   total 262144K, used 180975K [0x00000000e0000000, 0x0000000100000000)
  region size 1024K, 153 young (156672K), 18 survivors (18432K)
 Metaspace       used 51043K, committed 52672K, reserved 393216K
  class space    used 7542K, committed 8320K, reserved 327680K
}
Event: 23.826 GC heap after
{Heap after GC invocations=8 (full 0):
 garbage-first heap   total 262144K, used 46437K [0x00000000e0000000, 0x0000000100000000)
  region size 1024K, 5 young (5120K), 5 survivors (5120K)
 Metaspace       used 51043K, committed 52672K, reserved 393216K
  class space    used 7542K, committed 8320K, reserved 327680K
}
Event: 24.667 GC heap before
{Heap before GC invocations=8 (full 0):
 garbage-first heap   total 262144K, used 197989K [0x00000000e0000000, 0x0000000100000000)
  region size 1024K, 153 young (156672K), 5 survivors (5120K)
 Metaspace       used 51133K, committed 52736K, reserved 393216K
  class space    used 7542K, committed 8320K, reserved 327680K
}
Event: 24.681 GC heap after
{Heap after GC invocations=9 (full 0):
 garbage-first heap   total 262144K, used 48959K [0x00000000e0000000, 0x0000000100000000)
  region size 1024K, 8 young (8192K), 8 survivors (8192K)
 Metaspace       used 51133K, committed 52736K, reserved 393216K
  class space    used 7542K, committed 8320K, reserved 327680K
}
Event: 34.007 GC heap before
{Heap before GC invocations=9 (full 0):
 garbage-first heap   total 262144K, used 202559K [0x00000000e0000000, 0x0000000100000000)
  region size 1024K, 153 young (156672K), 8 survivors (8192K)
 Metaspace       used 56111K, committed 57920K, reserved 393216K
  class space    used 8112K, committed 8960K, reserved 327680K
}
Event: 34.035 GC heap after
{Heap after GC invocations=10 (full 0):
 garbage-first heap   total 262144K, used 66215K [0x00000000e0000000, 0x0000000100000000)
  region size 1024K, 18 young (18432K), 18 survivors (18432K)
 Metaspace       used 56111K, committed 57920K, reserved 393216K
  class space    used 8112K, committed 8960K, reserved 327680K
}
Event: 34.877 GC heap before
{Heap before GC invocations=10 (full 0):
 garbage-first heap   total 262144K, used 80551K [0x00000000e0000000, 0x0000000100000000)
  region size 1024K, 34 young (34816K), 18 survivors (18432K)
 Metaspace       used 58379K, committed 60160K, reserved 393216K
  class space    used 8390K, committed 9216K, reserved 327680K
}
Event: 34.913 GC heap after
{Heap after GC invocations=11 (full 0):
 garbage-first heap   total 262144K, used 69790K [0x00000000e0000000, 0x0000000100000000)
  region size 1024K, 4 young (4096K), 4 survivors (4096K)
 Metaspace       used 58379K, committed 60160K, reserved 393216K
  class space    used 8390K, committed 9216K, reserved 327680K
}
Event: 79.978 GC heap before
{Heap before GC invocations=12 (full 0):
 garbage-first heap   total 262144K, used 228510K [0x00000000e0000000, 0x0000000100000000)
  region size 1024K, 153 young (156672K), 4 survivors (4096K)
 Metaspace       used 63040K, committed 64896K, reserved 393216K
  class space    used 8953K, committed 9856K, reserved 327680K
}
Event: 79.996 GC heap after
{Heap after GC invocations=13 (full 0):
 garbage-first heap   total 262144K, used 87700K [0x00000000e0000000, 0x0000000100000000)
  region size 1024K, 16 young (16384K), 16 survivors (16384K)
 Metaspace       used 63040K, committed 64896K, reserved 393216K
  class space    used 8953K, committed 9856K, reserved 327680K
}
Event: 84.366 GC heap before
{Heap before GC invocations=13 (full 0):
 garbage-first heap   total 262144K, used 233108K [0x00000000e0000000, 0x0000000100000000)
  region size 1024K, 153 young (156672K), 16 survivors (16384K)
 Metaspace       used 74962K, committed 76992K, reserved 458752K
  class space    used 10442K, committed 11392K, reserved 327680K
}
Event: 84.401 GC heap after
{Heap after GC invocations=14 (full 0):
 garbage-first heap   total 262144K, used 97469K [0x00000000e0000000, 0x0000000100000000)
  region size 1024K, 9 young (9216K), 9 survivors (9216K)
 Metaspace       used 74962K, committed 76992K, reserved 458752K
  class space    used 10442K, committed 11392K, reserved 327680K
}
Event: 207.506 GC heap before
{Heap before GC invocations=14 (full 0):
 garbage-first heap   total 262144K, used 231613K [0x00000000e0000000, 0x0000000100000000)
  region size 1024K, 141 young (144384K), 9 survivors (9216K)
 Metaspace       used 78057K, committed 80192K, reserved 458752K
  class space    used 10837K, committed 11840K, reserved 327680K
}
Event: 207.654 GC heap after
{Heap after GC invocations=15 (full 0):
 garbage-first heap   total 262144K, used 112616K [0x00000000e0000000, 0x0000000100000000)
  region size 1024K, 18 young (18432K), 18 survivors (18432K)
 Metaspace       used 78057K, committed 80192K, reserved 458752K
  class space    used 10837K, committed 11840K, reserved 327680K
}
Event: 216.375 GC heap before
{Heap before GC invocations=15 (full 0):
 garbage-first heap   total 262144K, used 238568K [0x00000000e0000000, 0x0000000100000000)
  region size 1024K, 133 young (136192K), 18 survivors (18432K)
 Metaspace       used 78111K, committed 80192K, reserved 458752K
  class space    used 10839K, committed 11840K, reserved 327680K
}
Event: 216.416 GC heap after
{Heap after GC invocations=16 (full 0):
 garbage-first heap   total 271360K, used 133354K [0x00000000e0000000, 0x0000000100000000)
  region size 1024K, 13 young (13312K), 13 survivors (13312K)
 Metaspace       used 78111K, committed 80192K, reserved 458752K
  class space    used 10839K, committed 11840K, reserved 327680K
}
Event: 222.912 GC heap before
{Heap before GC invocations=16 (full 0):
 garbage-first heap   total 271360K, used 237802K [0x00000000e0000000, 0x0000000100000000)
  region size 1024K, 116 young (118784K), 13 survivors (13312K)
 Metaspace       used 80975K, committed 83136K, reserved 458752K
  class space    used 11339K, committed 12352K, reserved 327680K
}
Event: 222.929 GC heap after
{Heap after GC invocations=17 (full 0):
 garbage-first heap   total 271360K, used 142809K [0x00000000e0000000, 0x0000000100000000)
  region size 1024K, 11 young (11264K), 11 survivors (11264K)
 Metaspace       used 80975K, committed 83136K, reserved 458752K
  class space    used 11339K, committed 12352K, reserved 327680K
}
Event: 227.801 GC heap before
{Heap before GC invocations=17 (full 0):
 garbage-first heap   total 271360K, used 240089K [0x00000000e0000000, 0x0000000100000000)
  region size 1024K, 107 young (109568K), 11 survivors (11264K)
 Metaspace       used 81100K, committed 83328K, reserved 458752K
  class space    used 11349K, committed 12416K, reserved 327680K
}
Event: 227.866 GC heap after
{Heap after GC invocations=18 (full 0):
 garbage-first heap   total 271360K, used 144081K [0x00000000e0000000, 0x0000000100000000)
  region size 1024K, 6 young (6144K), 6 survivors (6144K)
 Metaspace       used 81100K, committed 83328K, reserved 458752K
  class space    used 11349K, committed 12416K, reserved 327680K
}

