# JRE version: OpenJDK Runtime Environment Temurin-21.0.10+7 (21.0.10+7) (build 21.0.10+7-LTS)
# Java VM: OpenJDK 64-Bit Server VM Temurin-21.0.10+7 (21.0.10+7-LTS, mixed mode, sharing, tiered, compressed oops, compressed class ptrs, parallel gc, windows-amd64)
GC Precious Log:
 CardTable entry size: 512
 CPUs: 8 total, 8 available
 Memory: 8066M
 Large Page Support: Disabled
 NUMA Support: Disabled
 Compressed Oops: Enabled (32-bit)
 Alignments: Space 512K, Generation 512K, Heap 2M
 Heap Min Capacity: 100M
 Heap Initial Capacity: 100M
 Heap Max Capacity: 2G
 Pre-touch: Disabled
 Parallel Workers: 8
Heap:
 PSYoungGen      total 16384K, used 13507K [0x00000000d5580000, 0x00000000d7080000, 0x0000000100000000)
  eden space 11776K, 75% used [0x00000000d5580000,0x00000000d5e32de0,0x00000000d6100000)
  from space 4608K, 99% used [0x00000000d6100000,0x00000000d657df00,0x00000000d6580000)
  to   space 7680K, 0% used [0x00000000d6900000,0x00000000d6900000,0x00000000d7080000)
 ParOldGen       total 1398272K, used 68957K [0x0000000080000000, 0x00000000d5580000, 0x00000000d5580000)
  object space 1398272K, 4% used [0x0000000080000000,0x0000000084357778,0x00000000d5580000)
 Metaspace       used 68261K, committed 69504K, reserved 1114112K
  class space    used 7584K, committed 8192K, reserved 1048576K
GC Heap History (20 events):
Event: 243.357 GC heap before
{Heap before GC invocations=288 (full 5):
 PSYoungGen      total 9728K, used 9696K [0x00000000d5580000, 0x00000000d6000000, 0x0000000100000000)
  eden space 9216K, 100% used [0x00000000d5580000,0x00000000d5e80000,0x00000000d5e80000)
  from space 512K, 93% used [0x00000000d5f80000,0x00000000d5ff8000,0x00000000d6000000)
  to   space 512K, 0% used [0x00000000d5f00000,0x00000000d5f00000,0x00000000d5f80000)
 ParOldGen       total 1398272K, used 63535K [0x0000000080000000, 0x00000000d5580000, 0x00000000d5580000)
  object space 1398272K, 4% used [0x0000000080000000,0x0000000083e0bf20,0x00000000d5580000)
 Metaspace       used 65927K, committed 67712K, reserved 1114112K
  class space    used 7388K, committed 8128K, reserved 1048576K
}
Event: 243.361 GC heap after
{Heap after GC invocations=288 (full 5):
 PSYoungGen      total 10240K, used 512K [0x00000000d5580000, 0x00000000d6100000, 0x0000000100000000)
  eden space 9728K, 0% used [0x00000000d5580000,0x00000000d5580000,0x00000000d5f00000)
  from space 512K, 100% used [0x00000000d5f00000,0x00000000d5f80000,0x00000000d5f80000)
  to   space 1024K, 0% used [0x00000000d6000000,0x00000000d6000000,0x00000000d6100000)
 ParOldGen       total 1398272K, used 63535K [0x0000000080000000, 0x00000000d5580000, 0x00000000d5580000)
  object space 1398272K, 4% used [0x0000000080000000,0x0000000083e0bf20,0x00000000d5580000)
 Metaspace       used 65927K, committed 67712K, reserved 1114112K
  class space    used 7388K, committed 8128K, reserved 1048576K
}
Event: 244.041 GC heap before
{Heap before GC invocations=289 (full 5):
 PSYoungGen      total 10240K, used 10240K [0x00000000d5580000, 0x00000000d6100000, 0x0000000100000000)
  eden space 9728K, 100% used [0x00000000d5580000,0x00000000d5f00000,0x00000000d5f00000)
  from space 512K, 100% used [0x00000000d5f00000,0x00000000d5f80000,0x00000000d5f80000)
  to   space 1024K, 0% used [0x00000000d6000000,0x00000000d6000000,0x00000000d6100000)
 ParOldGen       total 1398272K, used 63535K [0x0000000080000000, 0x00000000d5580000, 0x00000000d5580000)
  object space 1398272K, 4% used [0x0000000080000000,0x0000000083e0bf20,0x00000000d5580000)
 Metaspace       used 65927K, committed 67712K, reserved 1114112K
  class space    used 7388K, committed 8128K, reserved 1048576K
}
Event: 244.043 GC heap after
{Heap after GC invocations=289 (full 5):
 PSYoungGen      total 10752K, used 512K [0x00000000d5580000, 0x00000000d6180000, 0x0000000100000000)
  eden space 9728K, 0% used [0x00000000d5580000,0x00000000d5580000,0x00000000d5f00000)
  from space 1024K, 50% used [0x00000000d6000000,0x00000000d6080000,0x00000000d6100000)
  to   space 1024K, 0% used [0x00000000d5f00000,0x00000000d5f00000,0x00000000d6000000)
 ParOldGen       total 1398272K, used 63535K [0x0000000080000000, 0x00000000d5580000, 0x00000000d5580000)
  object space 1398272K, 4% used [0x0000000080000000,0x0000000083e0bf20,0x00000000d5580000)
 Metaspace       used 65927K, committed 67712K, reserved 1114112K
  class space    used 7388K, committed 8128K, reserved 1048576K
}
Event: 244.552 GC heap before
{Heap before GC invocations=290 (full 5):
 PSYoungGen      total 10752K, used 10240K [0x00000000d5580000, 0x00000000d6180000, 0x0000000100000000)
  eden space 9728K, 100% used [0x00000000d5580000,0x00000000d5f00000,0x00000000d5f00000)
  from space 1024K, 50% used [0x00000000d6000000,0x00000000d6080000,0x00000000d6100000)
  to   space 1024K, 0% used [0x00000000d5f00000,0x00000000d5f00000,0x00000000d6000000)
 ParOldGen       total 1398272K, used 63535K [0x0000000080000000, 0x00000000d5580000, 0x00000000d5580000)
  object space 1398272K, 4% used [0x0000000080000000,0x0000000083e0bf20,0x00000000d5580000)
 Metaspace       used 65934K, committed 67712K, reserved 1114112K
  class space    used 7388K, committed 8128K, reserved 1048576K
}
Event: 244.554 GC heap after
{Heap after GC invocations=290 (full 5):
 PSYoungGen      total 10752K, used 512K [0x00000000d5580000, 0x00000000d6180000, 0x0000000100000000)
  eden space 9728K, 0% used [0x00000000d5580000,0x00000000d5580000,0x00000000d5f00000)
  from space 1024K, 50% used [0x00000000d5f00000,0x00000000d5f80000,0x00000000d6000000)
  to   space 1024K, 0% used [0x00000000d6080000,0x00000000d6080000,0x00000000d6180000)
 ParOldGen       total 1398272K, used 63543K [0x0000000080000000, 0x00000000d5580000, 0x00000000d5580000)
  object space 1398272K, 4% used [0x0000000080000000,0x0000000083e0df20,0x00000000d5580000)
 Metaspace       used 65934K, committed 67712K, reserved 1114112K
  class space    used 7388K, committed 8128K, reserved 1048576K
}
Event: 245.438 GC heap before
{Heap before GC invocations=291 (full 5):
 PSYoungGen      total 10752K, used 10240K [0x00000000d5580000, 0x00000000d6180000, 0x0000000100000000)
  eden space 9728K, 100% used [0x00000000d5580000,0x00000000d5f00000,0x00000000d5f00000)
  from space 1024K, 50% used [0x00000000d5f00000,0x00000000d5f80000,0x00000000d6000000)
  to   space 1024K, 0% used [0x00000000d6080000,0x00000000d6080000,0x00000000d6180000)
 ParOldGen       total 1398272K, used 63543K [0x0000000080000000, 0x00000000d5580000, 0x00000000d5580000)
  object space 1398272K, 4% used [0x0000000080000000,0x0000000083e0df20,0x00000000d5580000)
 Metaspace       used 65934K, committed 67712K, reserved 1114112K
  class space    used 7388K, committed 8128K, reserved 1048576K
}
Event: 245.441 GC heap after
{Heap after GC invocations=291 (full 5):
 PSYoungGen      total 10752K, used 384K [0x00000000d5580000, 0x00000000d6100000, 0x0000000100000000)
  eden space 10240K, 0% used [0x00000000d5580000,0x00000000d5580000,0x00000000d5f80000)
  from space 512K, 75% used [0x00000000d6080000,0x00000000d60e0000,0x00000000d6100000)
  to   space 512K, 0% used [0x00000000d6000000,0x00000000d6000000,0x00000000d6080000)
 ParOldGen       total 1398272K, used 63647K [0x0000000080000000, 0x00000000d5580000, 0x00000000d5580000)
  object space 1398272K, 4% used [0x0000000080000000,0x0000000083e27f20,0x00000000d5580000)
 Metaspace       used 65934K, committed 67712K, reserved 1114112K
  class space    used 7388K, committed 8128K, reserved 1048576K
}
Event: 246.120 GC heap before
{Heap before GC invocations=292 (full 5):
 PSYoungGen      total 10752K, used 10624K [0x00000000d5580000, 0x00000000d6100000, 0x0000000100000000)
  eden space 10240K, 100% used [0x00000000d5580000,0x00000000d5f80000,0x00000000d5f80000)
  from space 512K, 75% used [0x00000000d6080000,0x00000000d60e0000,0x00000000d6100000)
  to   space 512K, 0% used [0x00000000d6000000,0x00000000d6000000,0x00000000d6080000)
 ParOldGen       total 1398272K, used 63647K [0x0000000080000000, 0x00000000d5580000, 0x00000000d5580000)
  object space 1398272K, 4% used [0x0000000080000000,0x0000000083e27f20,0x00000000d5580000)
 Metaspace       used 65934K, committed 67712K, reserved 1114112K
  class space    used 7388K, committed 8128K, reserved 1048576K
}
Event: 246.121 GC heap after
{Heap after GC invocations=292 (full 5):
 PSYoungGen      total 11264K, used 384K [0x00000000d5580000, 0x00000000d6100000, 0x0000000100000000)
  eden space 10752K, 0% used [0x00000000d5580000,0x00000000d5580000,0x00000000d6000000)
  from space 512K, 75% used [0x00000000d6000000,0x00000000d6060000,0x00000000d6080000)
  to   space 512K, 0% used [0x00000000d6080000,0x00000000d6080000,0x00000000d6100000)
 ParOldGen       total 1398272K, used 63735K [0x0000000080000000, 0x00000000d5580000, 0x00000000d5580000)
  object space 1398272K, 4% used [0x0000000080000000,0x0000000083e3df20,0x00000000d5580000)
 Metaspace       used 65934K, committed 67712K, reserved 1114112K
  class space    used 7388K, committed 8128K, reserved 1048576K
}
Event: 246.874 GC heap before
{Heap before GC invocations=293 (full 5):
 PSYoungGen      total 11264K, used 11136K [0x00000000d5580000, 0x00000000d6100000, 0x0000000100000000)
  eden space 10752K, 100% used [0x00000000d5580000,0x00000000d6000000,0x00000000d6000000)
  from space 512K, 75% used [0x00000000d6000000,0x00000000d6060000,0x00000000d6080000)
  to   space 512K, 0% used [0x00000000d6080000,0x00000000d6080000,0x00000000d6100000)
 ParOldGen       total 1398272K, used 63735K [0x0000000080000000, 0x00000000d5580000, 0x00000000d5580000)
  object space 1398272K, 4% used [0x0000000080000000,0x0000000083e3df20,0x00000000d5580000)
 Metaspace       used 65934K, committed 67712K, reserved 1114112K
  class space    used 7388K, committed 8128K, reserved 1048576K
}
Event: 246.877 GC heap after
{Heap after GC invocations=293 (full 5):
 PSYoungGen      total 11264K, used 320K [0x00000000d5580000, 0x00000000d6180000, 0x0000000100000000)
  eden space 10752K, 0% used [0x00000000d5580000,0x00000000d5580000,0x00000000d6000000)
  from space 512K, 62% used [0x00000000d6080000,0x00000000d60d0000,0x00000000d6100000)
  to   space 512K, 0% used [0x00000000d6000000,0x00000000d6000000,0x00000000d6080000)
 ParOldGen       total 1398272K, used 63799K [0x0000000080000000, 0x00000000d5580000, 0x00000000d5580000)
  object space 1398272K, 4% used [0x0000000080000000,0x0000000083e4df20,0x00000000d5580000)
 Metaspace       used 65934K, committed 67712K, reserved 1114112K
  class space    used 7388K, committed 8128K, reserved 1048576K
}
Event: 249.571 GC heap before
{Heap before GC invocations=294 (full 5):
 PSYoungGen      total 11264K, used 11065K [0x00000000d5580000, 0x00000000d6180000, 0x0000000100000000)
  eden space 10752K, 99% used [0x00000000d5580000,0x00000000d5ffe670,0x00000000d6000000)
  from space 512K, 62% used [0x00000000d6080000,0x00000000d60d0000,0x00000000d6100000)
  to   space 512K, 0% used [0x00000000d6000000,0x00000000d6000000,0x00000000d6080000)
 ParOldGen       total 1398272K, used 63799K [0x0000000080000000, 0x00000000d5580000, 0x00000000d5580000)
  object space 1398272K, 4% used [0x0000000080000000,0x0000000083e4df20,0x00000000d5580000)
 Metaspace       used 65967K, committed 67712K, reserved 1114112K
  class space    used 7392K, committed 8128K, reserved 1048576K
}
Event: 249.574 GC heap after
{Heap after GC invocations=294 (full 5):
 PSYoungGen      total 11264K, used 507K [0x00000000d5580000, 0x00000000d6280000, 0x0000000100000000)
  eden space 10752K, 0% used [0x00000000d5580000,0x00000000d5580000,0x00000000d6000000)
  from space 512K, 99% used [0x00000000d6000000,0x00000000d607ec08,0x00000000d6080000)
  to   space 1024K, 0% used [0x00000000d6180000,0x00000000d6180000,0x00000000d6280000)
 ParOldGen       total 1398272K, used 63927K [0x0000000080000000, 0x00000000d5580000, 0x00000000d5580000)
  object space 1398272K, 4% used [0x0000000080000000,0x0000000083e6df20,0x00000000d5580000)
 Metaspace       used 65967K, committed 67712K, reserved 1114112K
  class space    used 7392K, committed 8128K, reserved 1048576K
}
Event: 252.572 GC heap before
{Heap before GC invocations=295 (full 5):
 PSYoungGen      total 11264K, used 11258K [0x00000000d5580000, 0x00000000d6280000, 0x0000000100000000)
  eden space 10752K, 99% used [0x00000000d5580000,0x00000000d5fffff0,0x00000000d6000000)
  from space 512K, 99% used [0x00000000d6000000,0x00000000d607ec08,0x00000000d6080000)
  to   space 1024K, 0% used [0x00000000d6180000,0x00000000d6180000,0x00000000d6280000)
 ParOldGen       total 1398272K, used 63927K [0x0000000080000000, 0x00000000d5580000, 0x00000000d5580000)
  object space 1398272K, 4% used [0x0000000080000000,0x0000000083e6df20,0x00000000d5580000)
 Metaspace       used 66659K, committed 68096K, reserved 1114112K
  class space    used 7462K, committed 8128K, reserved 1048576K
}
Event: 252.576 GC heap after
{Heap after GC invocations=295 (full 5):
 PSYoungGen      total 12288K, used 763K [0x00000000d5580000, 0x00000000d6280000, 0x0000000100000000)
  eden space 11264K, 0% used [0x00000000d5580000,0x00000000d5580000,0x00000000d6080000)
  from space 1024K, 74% used [0x00000000d6180000,0x00000000d623ec28,0x00000000d6280000)
  to   space 1024K, 0% used [0x00000000d6080000,0x00000000d6080000,0x00000000d6180000)
 ParOldGen       total 1398272K, used 63959K [0x0000000080000000, 0x00000000d5580000, 0x00000000d5580000)
  object space 1398272K, 4% used [0x0000000080000000,0x0000000083e75f20,0x00000000d5580000)
 Metaspace       used 66659K, committed 68096K, reserved 1114112K
  class space    used 7462K, committed 8128K, reserved 1048576K
}
Event: 256.191 GC heap before
{Heap before GC invocations=296 (full 5):
 PSYoungGen      total 12288K, used 12027K [0x00000000d5580000, 0x00000000d6280000, 0x0000000100000000)
  eden space 11264K, 100% used [0x00000000d5580000,0x00000000d6080000,0x00000000d6080000)
  from space 1024K, 74% used [0x00000000d6180000,0x00000000d623ec28,0x00000000d6280000)
  to   space 1024K, 0% used [0x00000000d6080000,0x00000000d6080000,0x00000000d6180000)
 ParOldGen       total 1398272K, used 63959K [0x0000000080000000, 0x00000000d5580000, 0x00000000d5580000)
  object space 1398272K, 4% used [0x0000000080000000,0x0000000083e75f20,0x00000000d5580000)
 Metaspace       used 66921K, committed 68224K, reserved 1114112K
  class space    used 7480K, committed 8128K, reserved 1048576K
}
Event: 256.207 GC heap after
{Heap after GC invocations=296 (full 5):
 PSYoungGen      total 12288K, used 1012K [0x00000000d5580000, 0x00000000d6a00000, 0x0000000100000000)
  eden space 11264K, 0% used [0x00000000d5580000,0x00000000d5580000,0x00000000d6080000)
  from space 1024K, 98% used [0x00000000d6080000,0x00000000d617d098,0x00000000d6180000)
  to   space 4608K, 0% used [0x00000000d6580000,0x00000000d6580000,0x00000000d6a00000)
 ParOldGen       total 1398272K, used 66720K [0x0000000080000000, 0x00000000d5580000, 0x00000000d5580000)
  object space 1398272K, 4% used [0x0000000080000000,0x0000000084128180,0x00000000d5580000)
 Metaspace       used 66921K, committed 68224K, reserved 1114112K
  class space    used 7480K, committed 8128K, reserved 1048576K
}
Event: 258.454 GC heap before
{Heap before GC invocations=297 (full 5):
 PSYoungGen      total 12288K, used 12276K [0x00000000d5580000, 0x00000000d6a00000, 0x0000000100000000)
  eden space 11264K, 100% used [0x00000000d5580000,0x00000000d6080000,0x00000000d6080000)
  from space 1024K, 98% used [0x00000000d6080000,0x00000000d617d098,0x00000000d6180000)
  to   space 4608K, 0% used [0x00000000d6580000,0x00000000d6580000,0x00000000d6a00000)
 ParOldGen       total 1398272K, used 66720K [0x0000000080000000, 0x00000000d5580000, 0x00000000d5580000)
  object space 1398272K, 4% used [0x0000000080000000,0x0000000084128180,0x00000000d5580000)
 Metaspace       used 67543K, committed 68800K, reserved 1114112K
  class space    used 7536K, committed 8128K, reserved 1048576K
}
Event: 258.462 GC heap after
{Heap after GC invocations=297 (full 5):
 PSYoungGen      total 16384K, used 4361K [0x00000000d5580000, 0x00000000d6a00000, 0x0000000100000000)
  eden space 11776K, 0% used [0x00000000d5580000,0x00000000d5580000,0x00000000d6100000)
  from space 4608K, 94% used [0x00000000d6580000,0x00000000d69c2698,0x00000000d6a00000)
  to   space 4608K, 0% used [0x00000000d6100000,0x00000000d6100000,0x00000000d6580000)
 ParOldGen       total 1398272K, used 66776K [0x0000000080000000, 0x00000000d5580000, 0x00000000d5580000)
  object space 1398272K, 4% used [0x0000000080000000,0x0000000084136180,0x00000000d5580000)
 Metaspace       used 67543K, committed 68800K, reserved 1114112K
  class space    used 7536K, committed 8128K, reserved 1048576K
}

