# JRE version: OpenJDK Runtime Environment Temurin-21.0.11+10 (21.0.11+10) (build 21.0.11+10-LTS)
# Java VM: OpenJDK 64-Bit Server VM Temurin-21.0.11+10 (21.0.11+10-LTS, mixed mode, sharing, tiered, compressed oops, compressed class ptrs, g1 gc, windows-amd64)
GC Precious Log:
 CardTable entry size: 512
 Card Set container configuration: InlinePtr #cards 5 size 8 Array Of Cards #cards 12 size 40 Howl #buckets 4 coarsen threshold 1843 Howl Bitmap #cards 512 size 80 coarsen threshold 460 Card regions per heap region 1 cards per card region 2048
 CPUs: 8 total, 8 available
 Memory: 8066M
 Large Page Support: Disabled
 NUMA Support: Disabled
 Compressed Oops: Enabled (32-bit)
 Heap Region Size: 1M
 Heap Min Capacity: 256M
 Heap Initial Capacity: 256M
 Heap Max Capacity: 512M
 Pre-touch: Disabled
 Parallel Workers: 8
 Concurrent Workers: 2
 Concurrent Refinement Workers: 8
 Periodic GC: Disabled
Heap:
 garbage-first heap   total 262144K, used 127195K [0x00000000e0000000, 0x0000000100000000)
  region size 1024K, 100 young (102400K), 17 survivors (17408K)
 Metaspace       used 56717K, committed 58496K, reserved 393216K
  class space    used 8172K, committed 9088K, reserved 327680K
GC Heap History (14 events):
Event: 1.633 GC heap before
{Heap before GC invocations=0 (full 0):
 garbage-first heap   total 262144K, used 26624K [0x00000000e0000000, 0x0000000100000000)
  region size 1024K, 23 young (23552K), 0 survivors (0K)
 Metaspace       used 1110K, committed 1216K, reserved 393216K
  class space    used 81K, committed 128K, reserved 327680K
}
Event: 1.645 GC heap after
{Heap after GC invocations=1 (full 0):
 garbage-first heap   total 262144K, used 10115K [0x00000000e0000000, 0x0000000100000000)
  region size 1024K, 3 young (3072K), 3 survivors (3072K)
 Metaspace       used 1110K, committed 1216K, reserved 393216K
  class space    used 81K, committed 128K, reserved 327680K
}
Event: 3.595 GC heap before
{Heap before GC invocations=1 (full 0):
 garbage-first heap   total 262144K, used 40835K [0x00000000e0000000, 0x0000000100000000)
  region size 1024K, 33 young (33792K), 3 survivors (3072K)
 Metaspace       used 4281K, committed 4480K, reserved 393216K
  class space    used 545K, committed 640K, reserved 327680K
}
Event: 3.602 GC heap after
{Heap after GC invocations=2 (full 0):
 garbage-first heap   total 262144K, used 12072K [0x00000000e0000000, 0x0000000100000000)
  region size 1024K, 2 young (2048K), 2 survivors (2048K)
 Metaspace       used 4281K, committed 4480K, reserved 393216K
  class space    used 545K, committed 640K, reserved 327680K
}
Event: 9.773 GC heap before
{Heap before GC invocations=2 (full 0):
 garbage-first heap   total 262144K, used 145192K [0x00000000e0000000, 0x0000000100000000)
  region size 1024K, 131 young (134144K), 2 survivors (2048K)
 Metaspace       used 20827K, committed 21504K, reserved 393216K
  class space    used 3081K, committed 3392K, reserved 327680K
}
Event: 9.795 GC heap after
{Heap after GC invocations=3 (full 0):
 garbage-first heap   total 262144K, used 24718K [0x00000000e0000000, 0x0000000100000000)
  region size 1024K, 13 young (13312K), 13 survivors (13312K)
 Metaspace       used 20827K, committed 21504K, reserved 393216K
  class space    used 3081K, committed 3392K, reserved 327680K
}
Event: 14.124 GC heap before
{Heap before GC invocations=4 (full 0):
 garbage-first heap   total 262144K, used 114830K [0x00000000e0000000, 0x0000000100000000)
  region size 1024K, 103 young (105472K), 13 survivors (13312K)
 Metaspace       used 34727K, committed 35968K, reserved 393216K
  class space    used 5154K, committed 5760K, reserved 327680K
}
Event: 14.147 GC heap after
{Heap after GC invocations=5 (full 0):
 garbage-first heap   total 262144K, used 32629K [0x00000000e0000000, 0x0000000100000000)
  region size 1024K, 8 young (8192K), 8 survivors (8192K)
 Metaspace       used 34727K, committed 35968K, reserved 393216K
  class space    used 5154K, committed 5760K, reserved 327680K
}
Event: 14.192 GC heap before
{Heap before GC invocations=5 (full 0):
 garbage-first heap   total 262144K, used 32629K [0x00000000e0000000, 0x0000000100000000)
  region size 1024K, 9 young (9216K), 8 survivors (8192K)
 Metaspace       used 35002K, committed 36288K, reserved 393216K
  class space    used 5174K, committed 5824K, reserved 327680K
}
Event: 14.204 GC heap after
{Heap after GC invocations=6 (full 0):
 garbage-first heap   total 262144K, used 32640K [0x00000000e0000000, 0x0000000100000000)
  region size 1024K, 7 young (7168K), 7 survivors (7168K)
 Metaspace       used 35002K, committed 36288K, reserved 393216K
  class space    used 5174K, committed 5824K, reserved 327680K
}
Event: 14.360 GC heap before
{Heap before GC invocations=6 (full 0):
 garbage-first heap   total 262144K, used 36736K [0x00000000e0000000, 0x0000000100000000)
  region size 1024K, 12 young (12288K), 7 survivors (7168K)
 Metaspace       used 35353K, committed 36608K, reserved 393216K
  class space    used 5208K, committed 5824K, reserved 327680K
}
Event: 14.370 GC heap after
{Heap after GC invocations=7 (full 0):
 garbage-first heap   total 262144K, used 33459K [0x00000000e0000000, 0x0000000100000000)
  region size 1024K, 8 young (8192K), 8 survivors (8192K)
 Metaspace       used 35353K, committed 36608K, reserved 393216K
  class space    used 5208K, committed 5824K, reserved 327680K
}
Event: 20.978 GC heap before
{Heap before GC invocations=8 (full 0):
 garbage-first heap   total 262144K, used 188083K [0x00000000e0000000, 0x0000000100000000)
  region size 1024K, 153 young (156672K), 8 survivors (8192K)
 Metaspace       used 46618K, committed 48384K, reserved 393216K
  class space    used 6773K, committed 7616K, reserved 327680K
}
Event: 21.009 GC heap after
{Heap after GC invocations=9 (full 0):
 garbage-first heap   total 262144K, used 43227K [0x00000000e0000000, 0x0000000100000000)
  region size 1024K, 17 young (17408K), 17 survivors (17408K)
 Metaspace       used 46618K, committed 48384K, reserved 393216K
  class space    used 6773K, committed 7616K, reserved 327680K
}

