# JRE version: OpenJDK Runtime Environment Temurin-21.0.11+10 (21.0.11+10) (build 21.0.11+10-LTS)
# Java VM: OpenJDK 64-Bit Server VM Temurin-21.0.11+10 (21.0.11+10-LTS, mixed mode, sharing, tiered, compressed oops, compressed class ptrs, g1 gc, windows-amd64)
GC Precious Log:
 CardTable entry size: 512
 Card Set container configuration: InlinePtr #cards 5 size 8 Array Of Cards #cards 12 size 40 Howl #buckets 4 coarsen threshold 1843 Howl Bitmap #cards 512 size 80 coarsen threshold 460 Card regions per heap region 1 cards per card region 2048
 CPUs: 8 total, 8 available
 Memory: 8066M
 Large Page Support: Disabled
 NUMA Support: Disabled
 Compressed Oops: Enabled (32-bit)
 Heap Region Size: 1M
 Heap Min Capacity: 256M
 Heap Initial Capacity: 256M
 Heap Max Capacity: 512M
 Pre-touch: Disabled
 Parallel Workers: 8
 Concurrent Workers: 2
 Concurrent Refinement Workers: 8
 Periodic GC: Disabled
Heap:
 garbage-first heap   total 262144K, used 176699K [0x00000000e0000000, 0x0000000100000000)
  region size 1024K, 129 young (132096K), 18 survivors (18432K)
 Metaspace       used 72235K, committed 74368K, reserved 393216K
  class space    used 10511K, committed 11584K, reserved 327680K
GC Heap History (20 events):
Event: 1.906 GC heap before
{Heap before GC invocations=0 (full 0):
 garbage-first heap   total 262144K, used 26624K [0x00000000e0000000, 0x0000000100000000)
  region size 1024K, 23 young (23552K), 0 survivors (0K)
 Metaspace       used 1127K, committed 1280K, reserved 393216K
  class space    used 81K, committed 128K, reserved 327680K
}
Event: 1.915 GC heap after
{Heap after GC invocations=1 (full 0):
 garbage-first heap   total 262144K, used 10325K [0x00000000e0000000, 0x0000000100000000)
  region size 1024K, 3 young (3072K), 3 survivors (3072K)
 Metaspace       used 1127K, committed 1280K, reserved 393216K
  class space    used 81K, committed 128K, reserved 327680K
}
Event: 5.282 GC heap before
{Heap before GC invocations=1 (full 0):
 garbage-first heap   total 262144K, used 41045K [0x00000000e0000000, 0x0000000100000000)
  region size 1024K, 33 young (33792K), 3 survivors (3072K)
 Metaspace       used 4285K, committed 4480K, reserved 393216K
  class space    used 546K, committed 640K, reserved 327680K
}
Event: 5.289 GC heap after
{Heap after GC invocations=2 (full 0):
 garbage-first heap   total 262144K, used 12128K [0x00000000e0000000, 0x0000000100000000)
  region size 1024K, 2 young (2048K), 2 survivors (2048K)
 Metaspace       used 4285K, committed 4480K, reserved 393216K
  class space    used 546K, committed 640K, reserved 327680K
}
Event: 17.380 GC heap before
{Heap before GC invocations=2 (full 0):
 garbage-first heap   total 262144K, used 144224K [0x00000000e0000000, 0x0000000100000000)
  region size 1024K, 130 young (133120K), 2 survivors (2048K)
 Metaspace       used 20736K, committed 21504K, reserved 393216K
  class space    used 3066K, committed 3456K, reserved 327680K
}
Event: 17.400 GC heap after
{Heap after GC invocations=3 (full 0):
 garbage-first heap   total 262144K, used 24772K [0x00000000e0000000, 0x0000000100000000)
  region size 1024K, 13 young (13312K), 13 survivors (13312K)
 Metaspace       used 20736K, committed 21504K, reserved 393216K
  class space    used 3066K, committed 3456K, reserved 327680K
}
Event: 22.056 GC heap before
{Heap before GC invocations=4 (full 0):
 garbage-first heap   total 262144K, used 117956K [0x00000000e0000000, 0x0000000100000000)
  region size 1024K, 106 young (108544K), 13 survivors (13312K)
 Metaspace       used 34761K, committed 35968K, reserved 393216K
  class space    used 5170K, committed 5760K, reserved 327680K
}
Event: 22.082 GC heap after
{Heap after GC invocations=5 (full 0):
 garbage-first heap   total 262144K, used 32364K [0x00000000e0000000, 0x0000000100000000)
  region size 1024K, 8 young (8192K), 8 survivors (8192K)
 Metaspace       used 34761K, committed 35968K, reserved 393216K
  class space    used 5170K, committed 5760K, reserved 327680K
}
Event: 22.129 GC heap before
{Heap before GC invocations=5 (full 0):
 garbage-first heap   total 262144K, used 32364K [0x00000000e0000000, 0x0000000100000000)
  region size 1024K, 9 young (9216K), 8 survivors (8192K)
 Metaspace       used 34990K, committed 36288K, reserved 393216K
  class space    used 5180K, committed 5824K, reserved 327680K
}
Event: 22.139 GC heap after
{Heap after GC invocations=6 (full 0):
 garbage-first heap   total 262144K, used 32768K [0x00000000e0000000, 0x0000000100000000)
  region size 1024K, 7 young (7168K), 7 survivors (7168K)
 Metaspace       used 34990K, committed 36288K, reserved 393216K
  class space    used 5180K, committed 5824K, reserved 327680K
}
Event: 22.395 GC heap before
{Heap before GC invocations=6 (full 0):
 garbage-first heap   total 262144K, used 36864K [0x00000000e0000000, 0x0000000100000000)
  region size 1024K, 12 young (12288K), 7 survivors (7168K)
 Metaspace       used 35379K, committed 36608K, reserved 393216K
  class space    used 5222K, committed 5824K, reserved 327680K
}
Event: 22.405 GC heap after
{Heap after GC invocations=7 (full 0):
 garbage-first heap   total 262144K, used 33240K [0x00000000e0000000, 0x0000000100000000)
  region size 1024K, 8 young (8192K), 8 survivors (8192K)
 Metaspace       used 35379K, committed 36608K, reserved 393216K
  class space    used 5222K, committed 5824K, reserved 327680K
}
Event: 27.286 GC heap before
{Heap before GC invocations=8 (full 0):
 garbage-first heap   total 262144K, used 187864K [0x00000000e0000000, 0x0000000100000000)
  region size 1024K, 153 young (156672K), 8 survivors (8192K)
 Metaspace       used 49851K, committed 51520K, reserved 393216K
  class space    used 7249K, committed 8064K, reserved 327680K
}
Event: 27.313 GC heap after
{Heap after GC invocations=9 (full 0):
 garbage-first heap   total 262144K, used 41286K [0x00000000e0000000, 0x0000000100000000)
  region size 1024K, 16 young (16384K), 16 survivors (16384K)
 Metaspace       used 49851K, committed 51520K, reserved 393216K
  class space    used 7249K, committed 8064K, reserved 327680K
}
Event: 31.982 GC heap before
{Heap before GC invocations=9 (full 0):
 garbage-first heap   total 262144K, used 156998K [0x00000000e0000000, 0x0000000100000000)
  region size 1024K, 124 young (126976K), 16 survivors (16384K)
 Metaspace       used 59505K, committed 61376K, reserved 393216K
  class space    used 8711K, committed 9600K, reserved 327680K
}
Event: 32.014 GC heap after
{Heap after GC invocations=10 (full 0):
 garbage-first heap   total 262144K, used 54430K [0x00000000e0000000, 0x0000000100000000)
  region size 1024K, 17 young (17408K), 17 survivors (17408K)
 Metaspace       used 59505K, committed 61376K, reserved 393216K
  class space    used 8711K, committed 9600K, reserved 327680K
}
Event: 32.117 GC heap before
{Heap before GC invocations=10 (full 0):
 garbage-first heap   total 262144K, used 56478K [0x00000000e0000000, 0x0000000100000000)
  region size 1024K, 20 young (20480K), 17 survivors (17408K)
 Metaspace       used 59830K, committed 61696K, reserved 393216K
  class space    used 8745K, committed 9664K, reserved 327680K
}
Event: 32.138 GC heap after
{Heap after GC invocations=11 (full 0):
 garbage-first heap   total 262144K, used 56242K [0x00000000e0000000, 0x0000000100000000)
  region size 1024K, 11 young (11264K), 11 survivors (11264K)
 Metaspace       used 59830K, committed 61696K, reserved 393216K
  class space    used 8745K, committed 9664K, reserved 327680K
}
Event: 37.084 GC heap before
{Heap before GC invocations=12 (full 0):
 garbage-first heap   total 262144K, used 200626K [0x00000000e0000000, 0x0000000100000000)
  region size 1024K, 153 young (156672K), 11 survivors (11264K)
 Metaspace       used 69189K, committed 71296K, reserved 393216K
  class space    used 10098K, committed 11136K, reserved 327680K
}
Event: 37.110 GC heap after
{Heap after GC invocations=13 (full 0):
 garbage-first heap   total 262144K, used 64059K [0x00000000e0000000, 0x0000000100000000)
  region size 1024K, 18 young (18432K), 18 survivors (18432K)
 Metaspace       used 69189K, committed 71296K, reserved 393216K
  class space    used 10098K, committed 11136K, reserved 327680K
}

