# JRE version: OpenJDK Runtime Environment Temurin-21.0.10+7 (21.0.10+7) (build 21.0.10+7-LTS)
# Java VM: OpenJDK 64-Bit Server VM Temurin-21.0.10+7 (21.0.10+7-LTS, mixed mode, sharing, tiered, compressed oops, compressed class ptrs, parallel gc, windows-amd64)
GC Precious Log:
 CardTable entry size: 512
 CPUs: 8 total, 8 available
 Memory: 8066M
 Large Page Support: Disabled
 NUMA Support: Disabled
 Compressed Oops: Enabled (Zero based)
 Alignments: Space 512K, Generation 512K, Heap 2M
 Heap Min Capacity: 100M
 Heap Initial Capacity: 100M
 Heap Max Capacity: 16G
 Pre-touch: Disabled
 Parallel Workers: 8
Heap:
 PSYoungGen      total 4096K, used 0K [0x00000006aab00000, 0x00000006ab000000, 0x0000000800000000)
  eden space 3584K, 0% used [0x00000006aab00000,0x00000006aab00000,0x00000006aae80000)
  from space 512K, 0% used [0x00000006aaf00000,0x00000006aaf00000,0x00000006aaf80000)
  to   space 512K, 0% used [0x00000006aae80000,0x00000006aae80000,0x00000006aaf00000)
 ParOldGen       total 165888K, used 138773K [0x0000000400000000, 0x00000005e6e80000, 0x00000006aab00000)
  object space 165888K, 83% used [0x0000000400000000,0x00000004087854f8,0x000000040a200000)
 Metaspace       used 88142K, committed 89984K, reserved 1179648K
  class space    used 10921K, committed 11712K, reserved 1048576K
GC Heap History (20 events):
Event: 805.244 GC heap before
{Heap before GC invocations=700 (full 3):
 PSYoungGen      total 3072K, used 2874K [0x00000006aab00000, 0x00000006aaf80000, 0x0000000800000000)
  eden space 2560K, 100% used [0x00000006aab00000,0x00000006aad80000,0x00000006aad80000)
  from space 512K, 61% used [0x00000006aaf00000,0x00000006aaf4e870,0x00000006aaf80000)
  to   space 512K, 0% used [0x00000006aae80000,0x00000006aae80000,0x00000006aaf00000)
 ParOldGen       total 237056K, used 236923K [0x0000000400000000, 0x000000040e780000, 0x00000006aab00000)
  object space 237056K, 99% used [0x0000000400000000,0x000000040e75ee50,0x000000040e780000)
 Metaspace       used 86519K, committed 88384K, reserved 1179648K
  class space    used 10791K, committed 11584K, reserved 1048576K
}
Event: 805.246 GC heap after
{Heap after GC invocations=700 (full 3):
 PSYoungGen      total 3072K, used 320K [0x00000006aab00000, 0x00000006aaf80000, 0x0000000800000000)
  eden space 2560K, 0% used [0x00000006aab00000,0x00000006aab00000,0x00000006aad80000)
  from space 512K, 62% used [0x00000006aae80000,0x00000006aaed0010,0x00000006aaf00000)
  to   space 512K, 0% used [0x00000006aaf00000,0x00000006aaf00000,0x00000006aaf80000)
 ParOldGen       total 237056K, used 237011K [0x0000000400000000, 0x000000040e780000, 0x00000006aab00000)
  object space 237056K, 99% used [0x0000000400000000,0x000000040e774e50,0x000000040e780000)
 Metaspace       used 86519K, committed 88384K, reserved 1179648K
  class space    used 10791K, committed 11584K, reserved 1048576K
}
Event: 805.593 GC heap before
{Heap before GC invocations=701 (full 3):
 PSYoungGen      total 3072K, used 2880K [0x00000006aab00000, 0x00000006aaf80000, 0x0000000800000000)
  eden space 2560K, 100% used [0x00000006aab00000,0x00000006aad80000,0x00000006aad80000)
  from space 512K, 62% used [0x00000006aae80000,0x00000006aaed0010,0x00000006aaf00000)
  to   space 512K, 0% used [0x00000006aaf00000,0x00000006aaf00000,0x00000006aaf80000)
 ParOldGen       total 237056K, used 237011K [0x0000000400000000, 0x000000040e780000, 0x00000006aab00000)
  object space 237056K, 99% used [0x0000000400000000,0x000000040e774e50,0x000000040e780000)
 Metaspace       used 86621K, committed 88512K, reserved 1179648K
  class space    used 10799K, committed 11648K, reserved 1048576K
}
Event: 805.596 GC heap after
{Heap after GC invocations=701 (full 3):
 PSYoungGen      total 3072K, used 288K [0x00000006aab00000, 0x00000006aaf80000, 0x0000000800000000)
  eden space 2560K, 0% used [0x00000006aab00000,0x00000006aab00000,0x00000006aad80000)
  from space 512K, 56% used [0x00000006aaf00000,0x00000006aaf48010,0x00000006aaf80000)
  to   space 512K, 0% used [0x00000006aae80000,0x00000006aae80000,0x00000006aaf00000)
 ParOldGen       total 237568K, used 237099K [0x0000000400000000, 0x000000040e800000, 0x00000006aab00000)
  object space 237568K, 99% used [0x0000000400000000,0x000000040e78ae50,0x000000040e800000)
 Metaspace       used 86621K, committed 88512K, reserved 1179648K
  class space    used 10799K, committed 11648K, reserved 1048576K
}
Event: 806.095 GC heap before
{Heap before GC invocations=702 (full 3):
 PSYoungGen      total 3072K, used 2848K [0x00000006aab00000, 0x00000006aaf80000, 0x0000000800000000)
  eden space 2560K, 99% used [0x00000006aab00000,0x00000006aad7fff8,0x00000006aad80000)
  from space 512K, 56% used [0x00000006aaf00000,0x00000006aaf48010,0x00000006aaf80000)
  to   space 512K, 0% used [0x00000006aae80000,0x00000006aae80000,0x00000006aaf00000)
 ParOldGen       total 237568K, used 237099K [0x0000000400000000, 0x000000040e800000, 0x00000006aab00000)
  object space 237568K, 99% used [0x0000000400000000,0x000000040e78ae50,0x000000040e800000)
 Metaspace       used 86683K, committed 88576K, reserved 1179648K
  class space    used 10803K, committed 11648K, reserved 1048576K
}
Event: 806.099 GC heap after
{Heap after GC invocations=702 (full 3):
 PSYoungGen      total 3072K, used 256K [0x00000006aab00000, 0x00000006aaf80000, 0x0000000800000000)
  eden space 2560K, 0% used [0x00000006aab00000,0x00000006aab00000,0x00000006aad80000)
  from space 512K, 50% used [0x00000006aae80000,0x00000006aaec0000,0x00000006aaf00000)
  to   space 512K, 0% used [0x00000006aaf00000,0x00000006aaf00000,0x00000006aaf80000)
 ParOldGen       total 237568K, used 237219K [0x0000000400000000, 0x000000040e800000, 0x00000006aab00000)
  object space 237568K, 99% used [0x0000000400000000,0x000000040e7a8e50,0x000000040e800000)
 Metaspace       used 86683K, committed 88576K, reserved 1179648K
  class space    used 10803K, committed 11648K, reserved 1048576K
}
Event: 806.442 GC heap before
{Heap before GC invocations=703 (full 3):
 PSYoungGen      total 3072K, used 2816K [0x00000006aab00000, 0x00000006aaf80000, 0x0000000800000000)
  eden space 2560K, 100% used [0x00000006aab00000,0x00000006aad80000,0x00000006aad80000)
  from space 512K, 50% used [0x00000006aae80000,0x00000006aaec0000,0x00000006aaf00000)
  to   space 512K, 0% used [0x00000006aaf00000,0x00000006aaf00000,0x00000006aaf80000)
 ParOldGen       total 237568K, used 237219K [0x0000000400000000, 0x000000040e800000, 0x00000006aab00000)
  object space 237568K, 99% used [0x0000000400000000,0x000000040e7a8e50,0x000000040e800000)
 Metaspace       used 86702K, committed 88640K, reserved 1179648K
  class space    used 10803K, committed 11648K, reserved 1048576K
}
Event: 806.447 GC heap after
{Heap after GC invocations=703 (full 3):
 PSYoungGen      total 3072K, used 320K [0x00000006aab00000, 0x00000006aaf80000, 0x0000000800000000)
  eden space 2560K, 0% used [0x00000006aab00000,0x00000006aab00000,0x00000006aad80000)
  from space 512K, 62% used [0x00000006aaf00000,0x00000006aaf50000,0x00000006aaf80000)
  to   space 512K, 0% used [0x00000006aae80000,0x00000006aae80000,0x00000006aaf00000)
 ParOldGen       total 237568K, used 237299K [0x0000000400000000, 0x000000040e800000, 0x00000006aab00000)
  object space 237568K, 99% used [0x0000000400000000,0x000000040e7bce50,0x000000040e800000)
 Metaspace       used 86702K, committed 88640K, reserved 1179648K
  class space    used 10803K, committed 11648K, reserved 1048576K
}
Event: 806.626 GC heap before
{Heap before GC invocations=704 (full 3):
 PSYoungGen      total 3072K, used 2879K [0x00000006aab00000, 0x00000006aaf80000, 0x0000000800000000)
  eden space 2560K, 99% used [0x00000006aab00000,0x00000006aad7fff0,0x00000006aad80000)
  from space 512K, 62% used [0x00000006aaf00000,0x00000006aaf50000,0x00000006aaf80000)
  to   space 512K, 0% used [0x00000006aae80000,0x00000006aae80000,0x00000006aaf00000)
 ParOldGen       total 237568K, used 237299K [0x0000000400000000, 0x000000040e800000, 0x00000006aab00000)
  object space 237568K, 99% used [0x0000000400000000,0x000000040e7bce50,0x000000040e800000)
 Metaspace       used 86880K, committed 88768K, reserved 1179648K
  class space    used 10819K, committed 11648K, reserved 1048576K
}
Event: 806.629 GC heap after
{Heap after GC invocations=704 (full 3):
 PSYoungGen      total 3072K, used 384K [0x00000006aab00000, 0x00000006aaf80000, 0x0000000800000000)
  eden space 2560K, 0% used [0x00000006aab00000,0x00000006aab00000,0x00000006aad80000)
  from space 512K, 75% used [0x00000006aae80000,0x00000006aaee0000,0x00000006aaf00000)
  to   space 512K, 0% used [0x00000006aaf00000,0x00000006aaf00000,0x00000006aaf80000)
 ParOldGen       total 237568K, used 237435K [0x0000000400000000, 0x000000040e800000, 0x00000006aab00000)
  object space 237568K, 99% used [0x0000000400000000,0x000000040e7dee50,0x000000040e800000)
 Metaspace       used 86880K, committed 88768K, reserved 1179648K
  class space    used 10819K, committed 11648K, reserved 1048576K
}
Event: 806.807 GC heap before
{Heap before GC invocations=705 (full 3):
 PSYoungGen      total 3072K, used 2944K [0x00000006aab00000, 0x00000006aaf80000, 0x0000000800000000)
  eden space 2560K, 100% used [0x00000006aab00000,0x00000006aad80000,0x00000006aad80000)
  from space 512K, 75% used [0x00000006aae80000,0x00000006aaee0000,0x00000006aaf00000)
  to   space 512K, 0% used [0x00000006aaf00000,0x00000006aaf00000,0x00000006aaf80000)
 ParOldGen       total 237568K, used 237435K [0x0000000400000000, 0x000000040e800000, 0x00000006aab00000)
  object space 237568K, 99% used [0x0000000400000000,0x000000040e7dee50,0x000000040e800000)
 Metaspace       used 87410K, committed 89344K, reserved 1179648K
  class space    used 10852K, committed 11712K, reserved 1048576K
}
Event: 806.811 GC heap after
{Heap after GC invocations=705 (full 3):
 PSYoungGen      total 3072K, used 288K [0x00000006aab00000, 0x00000006aaf80000, 0x0000000800000000)
  eden space 2560K, 0% used [0x00000006aab00000,0x00000006aab00000,0x00000006aad80000)
  from space 512K, 56% used [0x00000006aaf00000,0x00000006aaf48000,0x00000006aaf80000)
  to   space 512K, 0% used [0x00000006aae80000,0x00000006aae80000,0x00000006aaf00000)
 ParOldGen       total 238080K, used 237635K [0x0000000400000000, 0x000000040e880000, 0x00000006aab00000)
  object space 238080K, 99% used [0x0000000400000000,0x000000040e810e50,0x000000040e880000)
 Metaspace       used 87410K, committed 89344K, reserved 1179648K
  class space    used 10852K, committed 11712K, reserved 1048576K
}
Event: 807.095 GC heap before
{Heap before GC invocations=706 (full 3):
 PSYoungGen      total 3072K, used 2848K [0x00000006aab00000, 0x00000006aaf80000, 0x0000000800000000)
  eden space 2560K, 100% used [0x00000006aab00000,0x00000006aad80000,0x00000006aad80000)
  from space 512K, 56% used [0x00000006aaf00000,0x00000006aaf48000,0x00000006aaf80000)
  to   space 512K, 0% used [0x00000006aae80000,0x00000006aae80000,0x00000006aaf00000)
 ParOldGen       total 238080K, used 237635K [0x0000000400000000, 0x000000040e880000, 0x00000006aab00000)
  object space 238080K, 99% used [0x0000000400000000,0x000000040e810e50,0x000000040e880000)
 Metaspace       used 87866K, committed 89728K, reserved 1179648K
  class space    used 10885K, committed 11712K, reserved 1048576K
}
Event: 807.099 GC heap after
{Heap after GC invocations=706 (full 3):
 PSYoungGen      total 3072K, used 368K [0x00000006aab00000, 0x00000006aaf80000, 0x0000000800000000)
  eden space 2560K, 0% used [0x00000006aab00000,0x00000006aab00000,0x00000006aad80000)
  from space 512K, 71% used [0x00000006aae80000,0x00000006aaedc030,0x00000006aaf00000)
  to   space 512K, 0% used [0x00000006aaf00000,0x00000006aaf00000,0x00000006aaf80000)
 ParOldGen       total 238080K, used 237699K [0x0000000400000000, 0x000000040e880000, 0x00000006aab00000)
  object space 238080K, 99% used [0x0000000400000000,0x000000040e820e50,0x000000040e880000)
 Metaspace       used 87866K, committed 89728K, reserved 1179648K
  class space    used 10885K, committed 11712K, reserved 1048576K
}
Event: 807.316 GC heap before
{Heap before GC invocations=707 (full 3):
 PSYoungGen      total 3072K, used 2063K [0x00000006aab00000, 0x00000006aaf80000, 0x0000000800000000)
  eden space 2560K, 66% used [0x00000006aab00000,0x00000006aaca7c38,0x00000006aad80000)
  from space 512K, 71% used [0x00000006aae80000,0x00000006aaedc030,0x00000006aaf00000)
  to   space 512K, 0% used [0x00000006aaf00000,0x00000006aaf00000,0x00000006aaf80000)
 ParOldGen       total 238080K, used 237699K [0x0000000400000000, 0x000000040e880000, 0x00000006aab00000)
  object space 238080K, 99% used [0x0000000400000000,0x000000040e820e50,0x000000040e880000)
 Metaspace       used 88142K, committed 89984K, reserved 1179648K
  class space    used 10921K, committed 11712K, reserved 1048576K
}
Event: 807.319 GC heap after
{Heap after GC invocations=707 (full 3):
 PSYoungGen      total 3072K, used 480K [0x00000006aab00000, 0x00000006aaf80000, 0x0000000800000000)
  eden space 2560K, 0% used [0x00000006aab00000,0x00000006aab00000,0x00000006aad80000)
  from space 512K, 93% used [0x00000006aaf00000,0x00000006aaf78000,0x00000006aaf80000)
  to   space 512K, 0% used [0x00000006aae80000,0x00000006aae80000,0x00000006aaf00000)
 ParOldGen       total 238080K, used 237923K [0x0000000400000000, 0x000000040e880000, 0x00000006aab00000)
  object space 238080K, 99% used [0x0000000400000000,0x000000040e858e80,0x000000040e880000)
 Metaspace       used 88142K, committed 89984K, reserved 1179648K
  class space    used 10921K, committed 11712K, reserved 1048576K
}
Event: 807.320 GC heap before
{Heap before GC invocations=708 (full 3):
 PSYoungGen      total 3072K, used 480K [0x00000006aab00000, 0x00000006aaf80000, 0x0000000800000000)
  eden space 2560K, 0% used [0x00000006aab00000,0x00000006aab00000,0x00000006aad80000)
  from space 512K, 93% used [0x00000006aaf00000,0x00000006aaf78000,0x00000006aaf80000)
  to   space 512K, 0% used [0x00000006aae80000,0x00000006aae80000,0x00000006aaf00000)
 ParOldGen       total 238080K, used 237923K [0x0000000400000000, 0x000000040e880000, 0x00000006aab00000)
  object space 238080K, 99% used [0x0000000400000000,0x000000040e858e80,0x000000040e880000)
 Metaspace       used 88142K, committed 89984K, reserved 1179648K
  class space    used 10921K, committed 11712K, reserved 1048576K
}
Event: 807.322 GC heap after
{Heap after GC invocations=708 (full 3):
 PSYoungGen      total 3584K, used 0K [0x00000006aab00000, 0x00000006aaf80000, 0x0000000800000000)
  eden space 3072K, 0% used [0x00000006aab00000,0x00000006aab00000,0x00000006aae00000)
  from space 512K, 0% used [0x00000006aae80000,0x00000006aae80000,0x00000006aaf00000)
  to   space 512K, 0% used [0x00000006aaf00000,0x00000006aaf00000,0x00000006aaf80000)
 ParOldGen       total 238592K, used 238259K [0x0000000400000000, 0x000000040e900000, 0x00000006aab00000)
  object space 238592K, 99% used [0x0000000400000000,0x000000040e8ace80,0x000000040e900000)
 Metaspace       used 88142K, committed 89984K, reserved 1179648K
  class space    used 10921K, committed 11712K, reserved 1048576K
}
Event: 807.322 GC heap before
{Heap before GC invocations=709 (full 4):
 PSYoungGen      total 3584K, used 0K [0x00000006aab00000, 0x00000006aaf80000, 0x0000000800000000)
  eden space 3072K, 0% used [0x00000006aab00000,0x00000006aab00000,0x00000006aae00000)
  from space 512K, 0% used [0x00000006aae80000,0x00000006aae80000,0x00000006aaf00000)
  to   space 512K, 0% used [0x00000006aaf00000,0x00000006aaf00000,0x00000006aaf80000)
 ParOldGen       total 238592K, used 238259K [0x0000000400000000, 0x000000040e900000, 0x00000006aab00000)
  object space 238592K, 99% used [0x0000000400000000,0x000000040e8ace80,0x000000040e900000)
 Metaspace       used 88142K, committed 89984K, reserved 1179648K
  class space    used 10921K, committed 11712K, reserved 1048576K
}
Event: 812.483 GC heap after
{Heap after GC invocations=709 (full 4):
 PSYoungGen      total 4096K, used 0K [0x00000006aab00000, 0x00000006ab000000, 0x0000000800000000)
  eden space 3584K, 0% used [0x00000006aab00000,0x00000006aab00000,0x00000006aae80000)
  from space 512K, 0% used [0x00000006aaf00000,0x00000006aaf00000,0x00000006aaf80000)
  to   space 512K, 0% used [0x00000006aae80000,0x00000006aae80000,0x00000006aaf00000)
 ParOldGen       total 165888K, used 138773K [0x0000000400000000, 0x000000040a200000, 0x00000006aab00000)
  object space 165888K, 83% used [0x0000000400000000,0x00000004087854f8,0x000000040a200000)
 Metaspace       used 88142K, committed 89984K, reserved 1179648K
  class space    used 10921K, committed 11712K, reserved 1048576K
}

